>#<LineSegment:0x000055c583424700 @x1=1.0, @y1=0.0, @x2=0.0, @y2=4.0>
Test 0: true
Test 1: true
Test 2: true
Test 3: true
Test 4: true
Test 5: true
Test 6: true
Test 7: true
Test 8: true
Test 9: true
Test 10: true
Test 11: true
Test 12: true
Test 13: true
Test 14: true
Test 15: true
Test 16: true
Test 17: true
Test 18: 
Test 19: 
Test 20: true
Test 21: true
Test 22: true
Test 23: true
Test 24: true
Test 25: true
Test 26: 
Test 27: 
Test 28: 
Test 29: 
Test 30: 
Test 31: true
Test 32: true
Test 33: true
Test 34: true
Test 35: true
Test 36: 
Test 37: 
Test 38: 
Test 39: 
Test 40: true
Test 41: true
Test 42: 
Test 43: 
Test 44: 
Test 45: true
Test 46: true
Test 47: true
Test 48: true
Test 49: true
Test 50: true
Test 51: true
Test 52: true
Test 53: true
Test 54: true
Test 55: true
Test 56: true
Test 57: true
Test 58: true
Test 59: true
Test 60: true
Test 61: true
Test 62: true
Test 63: true
Test 64: true
Test 65: true
Test 66: true
Test 67: true
Test 68: 
Test 69: 
Test 70: false
Test 71: false
Test 72: false
Test 73: true
Test 74: true
Test 75: true
Test 76: true
Test 77: 
Test 78: 
Test 79: 
Test 80: true
Test 81: true
Test 82: true
Test 83: true
Test 84: true
Test 85: true
Test 86: true
Test 87: true
Test 88: true
Test 89: true
Test 90: true
Test 91: true
Test 92: true
Test 93: true
Test 94: true
Test 95: true
Test 96: true
Test 97: true
Test 98: true
Test 99: true
Test 100: true
Test 101: true
Test 102: true
Test 103: true
Test 104: true
Test 105: true
Test 106: true
Test 107: true
Test 108: true
Test 109: true
Test 110: true
Test 111: false
Test 112: false
Test 113: false
Test 114: false
Test 115: true
Test 116: true
Test 117: false
Test 118: false
Test 119: false
Test 120: true
Test 121: false
Test 122: true
Test 123: true
Test 124: true
Test 125: true
Test 126: true
Test 127: true
Test 128: true
Test 129: true
Test 130: true
Test 131: true
Test 132: true
Test 133: true
Test 134: true
Tests completed.
